<?xml version="1.0" encoding="UTF-8"?>
<!-- Generated by org.testng.reporters.JUnitXMLReporter -->
<testsuite hostname="DESKTOP-5UOBFB2" ignored="0" name="Default test" tests="4" failures="0" timestamp="2023-08-13T16:57:03 IST" time="105.581" errors="0">
  <testcase name="TC_001_verifyLoginFunctionalitywithDifferentUsers" time="7.077" classname="com.test.testcase.LoginTest"/>
  <testcase name="TC_002_verifyLoginFunctionalitywithValidUsernameandInvalidPassword" time="21.264" classname="com.test.testcase.LoginTest"/>
  <testcase name="TC_003_verifyLoginFunctionalitywithInvalidUsernameandValidPassword" time="20.978" classname="com.test.testcase.LoginTest"/>
  <testcase name="TC_004_verifyLoginFunctionalitywithInvalidUsernameandInvalidPassword" time="21.015" classname="com.test.testcase.LoginTest"/>
</testsuite> <!-- Default test -->
